{
  "RSpec": {
    "coverage": {
      "/Users/ashipunova/BPC/vamps_rails_app/config/environment.rb": [
        null,
        1,
        null,
        null,
        1,
        null,
        1,
        1,
        null,
        null,
        null,
        null,
        null,
        null,
        null,
        null,
        null,
        null,
        null,
        null,
        null,
        1,
        1,
        1,
        1,
        1,
        1,
        1,
        1,
        1,
        1,
        1,
        1,
        1,
        null,
        null,
        null,
        null,
        null,
        null,
        null,
        null
      ],
      "/Users/ashipunova/BPC/vamps_rails_app/config/application.rb": [
        1,
        null,
        1,
        null,
        null,
        null,
        1,
        null,
        1,
        1,
        null,
        null,
        null,
        null,
        null,
        null,
        1,
        null,
        null,
        null,
        null,
        1,
        null,
        1,
        1,
        1,
        null,
        0,
        1,
        null,
        null,
        1,
        null,
        null,
        null,
        1,
        1,
        null,
        null,
        null,
        null,
        null,
        null,
        1,
        null,
        null,
        null
      ],
      "/Users/ashipunova/BPC/vamps_rails_app/config/boot.rb": [
        null,
        1,
        null,
        1
      ],
      "/Users/ashipunova/BPC/vamps_rails_app/config/environments/test.rb": [
        1,
        null,
        null,
        null,
        null,
        null,
        null,
        1,
        null,
        null,
        null,
        null,
        1,
        null,
        null,
        1,
        1,
        null,
        null,
        1,
        1,
        null,
        null,
        1,
        null,
        null,
        1,
        null,
        null,
        null,
        null,
        null,
        1,
        1,
        null,
        null,
        1,
        null
      ],
      "/Users/ashipunova/BPC/vamps_rails_app/config/initializers/backtrace_silencers.rb": [
        null,
        null,
        null,
        null,
        null,
        null,
        null
      ],
      "/Users/ashipunova/BPC/vamps_rails_app/config/initializers/devise.rb": [
        null,
        null,
        1,
        null,
        null,
        null,
        null,
        1,
        null,
        null,
        null,
        1,
        null,
        null,
        null,
        null,
        null,
        1,
        null,
        null,
        null,
        null,
        null,
        null,
        null,
        null,
        null,
        1,
        null,
        null,
        null,
        null,
        null,
        null,
        null,
        null,
        null,
        null,
        null,
        1,
        null,
        null,
        null,
        null,
        1,
        null,
        null,
        null,
        null,
        null,
        null,
        null,
        null,
        null,
        null,
        null,
        null,
        null,
        null,
        null,
        null,
        null,
        null,
        null,
        null,
        null,
        null,
        null,
        null,
        null,
        null,
        null,
        null,
        null,
        null,
        null,
        null,
        null,
        1,
        null,
        null,
        null,
        null,
        null,
        null,
        null,
        null,
        1,
        null,
        null,
        null,
        null,
        null,
        null,
        null,
        null,
        null,
        null,
        null,
        null,
        null,
        null,
        null,
        null,
        null,
        null,
        null,
        null,
        null,
        null,
        null,
        null,
        1,
        null,
        null,
        null,
        null,
        null,
        null,
        null,
        null,
        null,
        null,
        null,
        null,
        null,
        null,
        null,
        null,
        null,
        1,
        null,
        null,
        null,
        null,
        1,
        null,
        null,
        null,
        null,
        null,
        null,
        null,
        null,
        null,
        null,
        null,
        null,
        null,
        null,
        null,
        null,
        null,
        null,
        null,
        null,
        null,
        null,
        null,
        null,
        null,
        null,
        null,
        null,
        null,
        null,
        null,
        null,
        null,
        null,
        null,
        null,
        null,
        null,
        null,
        null,
        1,
        null,
        null,
        null,
        null,
        null,
        null,
        null,
        null,
        null,
        null,
        null,
        null,
        null,
        null,
        null,
        null,
        null,
        null,
        null,
        null,
        null,
        null,
        null,
        null,
        null,
        null,
        null,
        null,
        null,
        null,
        null,
        null,
        null,
        null,
        null,
        null,
        null,
        null,
        null,
        null,
        null,
        1,
        null,
        null,
        null,
        null,
        null,
        null,
        null,
        null,
        null,
        null,
        null,
        null,
        null,
        null,
        null,
        null,
        null,
        null,
        null,
        null,
        null,
        null,
        null,
        null,
        null,
        null,
        null,
        null,
        null,
        null,
        null,
        null,
        null
      ],
      "/Users/ashipunova/BPC/vamps_rails_app/config/initializers/filter_parameter_logging.rb": [
        null,
        null,
        null,
        1
      ],
      "/Users/ashipunova/BPC/vamps_rails_app/config/initializers/inflections.rb": [
        null,
        null,
        null,
        null,
        null,
        null,
        null,
        null,
        null,
        null,
        null,
        null,
        null,
        null,
        null,
        null
      ],
      "/Users/ashipunova/BPC/vamps_rails_app/config/initializers/mime_types.rb": [
        null,
        null,
        null,
        null,
        null
      ],
      "/Users/ashipunova/BPC/vamps_rails_app/config/initializers/secret_token.rb": [
        null,
        null,
        null,
        null,
        null,
        null,
        null,
        null,
        null,
        null,
        null,
        1
      ],
      "/Users/ashipunova/BPC/vamps_rails_app/config/initializers/session_store.rb": [
        null,
        null,
        1
      ],
      "/Users/ashipunova/BPC/vamps_rails_app/config/initializers/wrap_parameters.rb": [
        null,
        null,
        null,
        null,
        null,
        null,
        1,
        1,
        null,
        null,
        null,
        null,
        null,
        null
      ],
      "/Users/ashipunova/BPC/vamps_rails_app/config/routes.rb": [
        1,
        null,
        null,
        null,
        1,
        1,
        1,
        null,
        1,
        null,
        1,
        1,
        1,
        1,
        null,
        1,
        null,
        1,
        1,
        1,
        null,
        null,
        1,
        1,
        null,
        1,
        1,
        null,
        null,
        null,
        null,
        null,
        null,
        null,
        null,
        null,
        null,
        null,
        null,
        null,
        null,
        null,
        null,
        null,
        null,
        null,
        null,
        null,
        null,
        null,
        null,
        null,
        null,
        null,
        null,
        null,
        null,
        null,
        null,
        null,
        null,
        null,
        null,
        null,
        null,
        null,
        null,
        null,
        null,
        null,
        null,
        null,
        null,
        null,
        null,
        null,
        null,
        null,
        null,
        null,
        null,
        null,
        null,
        null,
        null,
        null
      ],
      "/Users/ashipunova/BPC/vamps_rails_app/app/models/user.rb": [
        1,
        null,
        null,
        null,
        1,
        null,
        null,
        null,
        null,
        1,
        null,
        null,
        null,
        1,
        null,
        1,
        1,
        null,
        1,
        null,
        null,
        null,
        null,
        null,
        null,
        null,
        null,
        null,
        null,
        null,
        null,
        null,
        null,
        null,
        null,
        null,
        null,
        null,
        null,
        null,
        null
      ],
      "/Users/ashipunova/BPC/vamps_rails_app/app/helpers/application_helper.rb": [
        1,
        null,
        1,
        null,
        0,
        0,
        0,
        null,
        null,
        null,
        null,
        null
      ],
      "/Users/ashipunova/BPC/vamps_rails_app/app/helpers/dataset_helper.rb": [
        1,
        null
      ],
      "/Users/ashipunova/BPC/vamps_rails_app/app/helpers/datasets_helper.rb": [
        1,
        null
      ],
      "/Users/ashipunova/BPC/vamps_rails_app/app/helpers/downloads_helper.rb": [
        1,
        null
      ],
      "/Users/ashipunova/BPC/vamps_rails_app/app/helpers/home_helper.rb": [
        1,
        null
      ],
      "/Users/ashipunova/BPC/vamps_rails_app/app/helpers/pages_helper.rb": [
        1,
        null
      ],
      "/Users/ashipunova/BPC/vamps_rails_app/app/helpers/projects_helper.rb": [
        1,
        null
      ],
      "/Users/ashipunova/BPC/vamps_rails_app/app/helpers/taxa_count_helper.rb": [
        1,
        null,
        1,
        null,
        1,
        1,
        1,
        null,
        1,
        null,
        1,
        null,
        1,
        1,
        null,
        1,
        null,
        null,
        null,
        null,
        1,
        1,
        1,
        null,
        1,
        null,
        null,
        null,
        null,
        1,
        null,
        null,
        1,
        1,
        null,
        1,
        3,
        3,
        null,
        null,
        3,
        3,
        3,
        3,
        3,
        null,
        3,
        null,
        1,
        null,
        null,
        1,
        4,
        1,
        null,
        null,
        null,
        null
      ],
      "/Users/ashipunova/BPC/vamps_rails_app/app/helpers/users_helper.rb": [
        1,
        null
      ],
      "/Users/ashipunova/BPC/vamps_rails_app/app/helpers/visualization_helper.rb": [
        1,
        null,
        1,
        0,
        0,
        0,
        0,
        0,
        0,
        0,
        0,
        0,
        0,
        null,
        null,
        null,
        null,
        null,
        null,
        0,
        null,
        null,
        null,
        null,
        1,
        null,
        0,
        0,
        null,
        null,
        null,
        null,
        null
      ],
      "/Users/ashipunova/BPC/vamps_rails_app/app/models/domain.rb": [
        1,
        1,
        null
      ],
      "/Users/ashipunova/BPC/vamps_rails_app/app/models/family.rb": [
        1,
        1,
        null,
        null
      ],
      "/Users/ashipunova/BPC/vamps_rails_app/app/models/genus.rb": [
        1,
        1,
        null
      ],
      "/Users/ashipunova/BPC/vamps_rails_app/app/models/klass.rb": [
        1,
        1,
        null
      ],
      "/Users/ashipunova/BPC/vamps_rails_app/app/models/order.rb": [
        1,
        1,
        null
      ],
      "/Users/ashipunova/BPC/vamps_rails_app/app/models/phylum.rb": [
        1,
        1,
        null
      ],
      "/Users/ashipunova/BPC/vamps_rails_app/app/models/species.rb": [
        1,
        1,
        null
      ],
      "/Users/ashipunova/BPC/vamps_rails_app/app/models/strain.rb": [
        1,
        1,
        null
      ],
      "/Users/ashipunova/BPC/vamps_rails_app/app/models/rank.rb": [
        1,
        1,
        1,
        null,
        null,
        1,
        14,
        null,
        null,
        null,
        null,
        null,
        null
      ],
      "/Users/ashipunova/BPC/vamps_rails_app/app/models/sequence.rb": [
        1,
        1,
        null,
        1,
        1,
        null,
        1,
        1,
        null
      ],
      "/Users/ashipunova/BPC/vamps_rails_app/app/models/project.rb": [
        1,
        1,
        1,
        1,
        null,
        1,
        null,
        1,
        1,
        1,
        1,
        1,
        null,
        null
      ],
      "/Users/ashipunova/BPC/vamps_rails_app/app/models/dataset.rb": [
        1,
        1,
        1,
        null,
        1,
        1,
        null,
        1,
        1,
        1,
        1,
        null,
        null
      ],
      "/Users/ashipunova/BPC/vamps_rails_app/app/controllers/pages_controller.rb": [
        1,
        null,
        1,
        null,
        null,
        1,
        null,
        null,
        null
      ],
      "/Users/ashipunova/BPC/vamps_rails_app/app/controllers/application_controller.rb": [
        1,
        null,
        null,
        1,
        null,
        1,
        null,
        1,
        null,
        1,
        18,
        17,
        null,
        null,
        null,
        null
      ],
      "/Users/ashipunova/BPC/vamps_rails_app/app/controllers/visualization_controller.rb": [
        1,
        null,
        1,
        1,
        1,
        null,
        null,
        null,
        null,
        1,
        11,
        11,
        11,
        null,
        null,
        1,
        null,
        2,
        1,
        1,
        null,
        null,
        1,
        1,
        null,
        1,
        null,
        1,
        1,
        1,
        null,
        null,
        1,
        null,
        1,
        1,
        null,
        1,
        null,
        1,
        null,
        0,
        0,
        0,
        0,
        0,
        null,
        0,
        null,
        null,
        null,
        1,
        null,
        1,
        1,
        1,
        1,
        1,
        null,
        1,
        1,
        1,
        4,
        1,
        null,
        1,
        null,
        null,
        1,
        1,
        4,
        1,
        null,
        null,
        1,
        12,
        12,
        12,
        12,
        360,
        null,
        12,
        null,
        null,
        1,
        1,
        null,
        null,
        1,
        1,
        null,
        1,
        null,
        null,
        3,
        1,
        null,
        2,
        null,
        null,
        null,
        null,
        1,
        null,
        null,
        1,
        null,
        0,
        0,
        0,
        0,
        null,
        null,
        null,
        null,
        0,
        null,
        null,
        1,
        null,
        null,
        0,
        0,
        null,
        null,
        0,
        null,
        null,
        1,
        1,
        1,
        null,
        1,
        1,
        1,
        1,
        null,
        1,
        null,
        null,
        null,
        null,
        null,
        1,
        1,
        1,
        1,
        null,
        null,
        0,
        null,
        0,
        0,
        null,
        0,
        0,
        null,
        null,
        null,
        1,
        1,
        195,
        null,
        null
      ],
      "/Users/ashipunova/BPC/vamps_rails_app/app/models/taxonomy.rb": [
        1,
        1,
        1,
        1,
        null,
        null,
        1,
        1,
        1,
        1,
        1,
        1,
        1,
        1,
        null,
        1,
        null,
        null,
        null,
        null,
        null,
        null,
        null,
        null,
        null,
        null
      ],
      "/Users/ashipunova/BPC/vamps_rails_app/app/models/taxonomy_w_names.rb": [
        1,
        null,
        null,
        null,
        1,
        null,
        1,
        2,
        0,
        null,
        null,
        null,
        1,
        2,
        2,
        5,
        null,
        null,
        2,
        2,
        null,
        1,
        null,
        null,
        1,
        null,
        1,
        2,
        2,
        null,
        null,
        1,
        2,
        2,
        11,
        2,
        null,
        2,
        null,
        null,
        1,
        null,
        2,
        2,
        3,
        null,
        null,
        null,
        2,
        null,
        null,
        1,
        2,
        2,
        null,
        null,
        null,
        2,
        null,
        2,
        null,
        null,
        4,
        null,
        null,
        null,
        3,
        3,
        null,
        null,
        null,
        null,
        null,
        null,
        null,
        null,
        1,
        null,
        null,
        1,
        4,
        4,
        null,
        null,
        null,
        1,
        null,
        0,
        null,
        null,
        null,
        null,
        null,
        null,
        null,
        null,
        null,
        null,
        null,
        null,
        3,
        null,
        null,
        null,
        1,
        null,
        null,
        null,
        null,
        2,
        74,
        null,
        null,
        null,
        2,
        null,
        null,
        null,
        null
      ],
      "/Users/ashipunova/BPC/vamps_rails_app/app/models/taxa_count.rb": [
        1,
        null,
        1,
        null,
        1,
        null,
        1,
        5,
        0,
        null,
        null,
        null,
        1,
        5,
        5,
        null,
        null,
        1,
        1,
        2,
        1,
        null,
        null,
        1,
        null,
        1,
        5,
        5,
        15,
        15,
        null,
        5,
        null,
        null,
        null,
        null,
        null,
        null,
        null,
        null,
        null,
        null,
        null,
        null,
        null,
        null,
        null,
        null,
        1,
        null,
        null,
        null,
        null,
        5,
        null,
        null,
        null,
        15,
        null,
        69,
        null,
        null,
        null,
        null,
        23,
        null,
        null,
        null,
        null,
        5,
        null,
        null,
        null,
        null,
        null,
        null,
        null,
        null,
        null,
        null,
        null,
        null,
        null,
        null,
        null,
        null,
        null,
        null,
        null,
        null,
        null,
        null,
        null,
        null,
        null,
        null,
        null,
        null,
        null,
        null,
        null,
        null,
        null,
        null,
        null,
        null,
        null,
        null,
        null,
        null,
        null,
        1,
        23,
        23,
        null,
        null,
        null,
        0,
        0,
        null,
        null,
        0,
        null,
        null,
        0,
        null,
        null,
        0,
        null,
        null,
        null,
        23,
        null,
        null,
        1,
        0,
        0,
        null,
        0,
        null,
        0,
        null,
        null,
        null,
        null,
        null,
        null,
        null,
        null
      ],
      "/Users/ashipunova/BPC/vamps_rails_app/app/models/sequence_uniq_info.rb": [
        1,
        1,
        1,
        1,
        null,
        null,
        1,
        1,
        1,
        1,
        1,
        1,
        1,
        1,
        null,
        1,
        null,
        1,
        null,
        1,
        1,
        1,
        null,
        null
      ],
      "/Users/ashipunova/BPC/vamps_rails_app/app/models/sequence_pdr_info.rb": [
        1,
        1,
        1,
        null,
        1,
        1,
        null,
        1,
        null,
        1,
        1,
        1,
        null,
        2,
        null,
        null,
        null
      ]
    },
    "timestamp": 1383064690
  }
}
